Using pre-set license
Built from '2020.2/staging' branch; Version is '2020.2.6f1 (8a2143876886) revision 9052483'; Using compiler version '192528614'; Build Type 'Release'
OS: 'Windows 10 Home; OS build 19043.1165; Version 2009; 64bit' Language: 'en' Physical Memory: 16335 MB
BatchMode: 1, IsHumanControllingUs: 0, StartBugReporterOnCrash: 0, Is64bit: 1, IsPro: 0

 COMMAND LINE ARGUMENTS:
C:\Program Files\Unity\Hub\Editor\2020.2.6f1\Editor\Unity.exe
-adb2
-batchMode
-noUpm
-name
AssetImportWorker0
-projectPath
D:/Unity Projects/Ostal
-logFile
Logs/AssetImportWorker0.log
-srvPort
52797
Successfully changed project path to: D:/Unity Projects/Ostal
D:/Unity Projects/Ostal
Using Asset Import Pipeline V2.
Refreshing native plugins compatible for Editor in 22.45 ms, found 0 plugins.
Preloading 0 native plugins for Editor in 0.00 ms.
Initialize engine version: 2020.2.6f1 (8a2143876886)
[Subsystems] Discovering subsystems at path C:/Program Files/Unity/Hub/Editor/2020.2.6f1/Editor/Data/Resources/UnitySubsystems
[Subsystems] Discovering subsystems at path D:/Unity Projects/Ostal/Assets
GfxDevice: creating device client; threaded=0
Direct3D:
    Version:  Direct3D 11.0 [level 11.1]
    Renderer: NVIDIA GeForce GTX 1060 6GB (ID=0x1c03)
    Vendor:   
    VRAM:     6052 MB
    Driver:   27.21.14.5671
Initialize mono
Mono path[0] = 'C:/Program Files/Unity/Hub/Editor/2020.2.6f1/Editor/Data/Managed'
Mono path[1] = 'C:/Program Files/Unity/Hub/Editor/2020.2.6f1/Editor/Data/MonoBleedingEdge/lib/mono/unityjit'
Mono config path = 'C:/Program Files/Unity/Hub/Editor/2020.2.6f1/Editor/Data/MonoBleedingEdge/etc'
Using monoOptions --debugger-agent=transport=dt_socket,embedding=1,server=y,suspend=n,address=127.0.0.1:56100
Begin MonoManager ReloadAssembly
Registering precompiled unity dll's ...
Register platform support module: C:/Program Files/Unity/Hub/Editor/2020.2.6f1/Editor/Data/PlaybackEngines/WindowsStandaloneSupport/UnityEditor.WindowsStandalone.Extensions.dll
Registered in 0.002420 seconds.
Native extension for WindowsStandalone target not found
Refreshing native plugins compatible for Editor in 22.06 ms, found 0 plugins.
Preloading 0 native plugins for Editor in 0.00 ms.
Invoked RoslynAnalysisRunner static constructor.
RoslynAnalysisRunner will not be running.
RoslynAnalysisRunner has terminated.
Mono: successfully reloaded assembly
- Completed reload, in  2.362 seconds
Platform modules already initialized, skipping
Registering precompiled user dll's ...
Registered in 0.000519 seconds.
Begin MonoManager ReloadAssembly
Native extension for WindowsStandalone target not found
Refreshing native plugins compatible for Editor in 0.23 ms, found 0 plugins.
Preloading 0 native plugins for Editor in 0.00 ms.
Invoked RoslynAnalysisRunner static constructor.
RoslynAnalysisRunner will not be running.
RoslynAnalysisRunner has terminated.
Mono: successfully reloaded assembly
- Completed reload, in  1.166 seconds
Platform modules already initialized, skipping
========================================================================
Worker process is ready to serve import requests
Launched and connected shader compiler UnityShaderCompiler.exe after 0.05 seconds
Refreshing native plugins compatible for Editor in 0.23 ms, found 0 plugins.
Preloading 0 native plugins for Editor in 0.00 ms.
Unloading 1103 Unused Serialized files (Serialized files now loaded: 0)
System memory in use before: 56.6 MB.
System memory in use after: 56.7 MB.

Unloading 10 unused Assets to reduce memory usage. Loaded Objects now: 1544.
Total: 2.034100 ms (FindLiveObjects: 0.161600 ms CreateObjectMapping: 0.030400 ms MarkObjects: 1.751700 ms  DeleteObjects: 0.088900 ms)

========================================================================
Received Import Request.
  path: Assets/Scenes/SampleScene.unity
  artifactKey: Guid(9fc0d4010bbf28b4594072e72b8655ab) Importer(815301076,1909f56bfc062723c751e8b465ee728b)
Start importing Assets/Scenes/SampleScene.unity using Guid(9fc0d4010bbf28b4594072e72b8655ab) Importer(815301076,1909f56bfc062723c751e8b465ee728b)  -> (artifact id: '6c0d96e498f3f425048f0860a2a49f78') in 0.020137 seconds
  Import took 0.022025 seconds .

========================================================================
Received Import Request.
  Time since last request: 0.000256 seconds.
  path: Assets/Scenes
  artifactKey: Guid(4abeb360985156048a52f13299710d51) Importer(815301076,1909f56bfc062723c751e8b465ee728b)
Start importing Assets/Scenes using Guid(4abeb360985156048a52f13299710d51) Importer(815301076,1909f56bfc062723c751e8b465ee728b)  -> (artifact id: '1d350e002aa7207cd860f3b5ce861af2') in 0.008990 seconds
  Import took 0.010961 seconds .

========================================================================
Received Import Request.
  Time since last request: 3.406816 seconds.
  path: Assets/Scenes/Main Scene.unity
  artifactKey: Guid(9fc0d4010bbf28b4594072e72b8655ab) Importer(815301076,1909f56bfc062723c751e8b465ee728b)
Start importing Assets/Scenes/Main Scene.unity using Guid(9fc0d4010bbf28b4594072e72b8655ab) Importer(815301076,1909f56bfc062723c751e8b465ee728b)  -> (artifact id: 'bcea4f3a7cab0a894be42a45328ee216') in 0.008499 seconds
  Import took 0.010554 seconds .

========================================================================
Received Prepare
Registering precompiled user dll's ...
Registered in 0.000520 seconds.
Begin MonoManager ReloadAssembly
Native extension for WindowsStandalone target not found
Refreshing native plugins compatible for Editor in 0.22 ms, found 0 plugins.
Preloading 0 native plugins for Editor in 0.00 ms.
Invoked RoslynAnalysisRunner static constructor.
RoslynAnalysisRunner will not be running.
RoslynAnalysisRunner has terminated.
Mono: successfully reloaded assembly
- Completed reload, in  0.867 seconds
Platform modules already initialized, skipping
Refreshing native plugins compatible for Editor in 0.22 ms, found 0 plugins.
Preloading 0 native plugins for Editor in 0.00 ms.
Unloading 1111 Unused Serialized files (Serialized files now loaded: 0)
System memory in use before: 56.9 MB.
System memory in use after: 57.0 MB.

Unloading 5 unused Assets to reduce memory usage. Loaded Objects now: 1559.
Total: 1.600400 ms (FindLiveObjects: 0.153700 ms CreateObjectMapping: 0.028800 ms MarkObjects: 1.362600 ms  DeleteObjects: 0.054300 ms)

========================================================================
Received Import Request.
  Time since last request: 72.476611 seconds.
  path: Assets
  artifactKey: Guid(00000000000000001000000000000000) Importer(815301076,1909f56bfc062723c751e8b465ee728b)
Start importing Assets using Guid(00000000000000001000000000000000) Importer(815301076,1909f56bfc062723c751e8b465ee728b)  -> (artifact id: 'f47cf443bddc682ac2de11ea429897ce') in 0.009127 seconds
  Import took 0.011072 seconds .

========================================================================
Received Import Request.
  Time since last request: 4.669831 seconds.
  path: Assets/Scripts
  artifactKey: Guid(6477c18ad8be41444a797215e7de715e) Importer(815301076,1909f56bfc062723c751e8b465ee728b)
Start importing Assets/Scripts using Guid(6477c18ad8be41444a797215e7de715e) Importer(815301076,1909f56bfc062723c751e8b465ee728b)  -> (artifact id: 'e586f2fa42b56d79c11122df847520a5') in 0.007558 seconds
  Import took 0.009671 seconds .

========================================================================
Received Import Request.
  Time since last request: 0.005764 seconds.
  path: Assets/Scripts
  artifactKey: Guid(6477c18ad8be41444a797215e7de715e) Importer(815301076,1909f56bfc062723c751e8b465ee728b)
Start importing Assets/Scripts using Guid(6477c18ad8be41444a797215e7de715e) Importer(815301076,1909f56bfc062723c751e8b465ee728b)  -> (artifact id: 'e586f2fa42b56d79c11122df847520a5') in 0.003252 seconds
  Import took 0.005103 seconds .

========================================================================
Received Import Request.
  Time since last request: 4.754706 seconds.
  path: Assets/Resources
  artifactKey: Guid(6958a28a09a58cc4491df13ddeda4e71) Importer(815301076,1909f56bfc062723c751e8b465ee728b)
Start importing Assets/Resources using Guid(6958a28a09a58cc4491df13ddeda4e71) Importer(815301076,1909f56bfc062723c751e8b465ee728b)  -> (artifact id: '4d4488347c4be87ce05f2c5cb062901a') in 0.010120 seconds
  Import took 0.012029 seconds .

========================================================================
Received Import Request.
  Time since last request: 4.598990 seconds.
  path: Assets/Resources/Prefabs
  artifactKey: Guid(c6010cc038833a942a7c8674f5a168cf) Importer(815301076,1909f56bfc062723c751e8b465ee728b)
Start importing Assets/Resources/Prefabs using Guid(c6010cc038833a942a7c8674f5a168cf) Importer(815301076,1909f56bfc062723c751e8b465ee728b)  -> (artifact id: '7e5e25a2ff2c7f4eea695d25319ae85b') in 0.007520 seconds
  Import took 0.009406 seconds .

========================================================================
Received Import Request.
  Time since last request: 0.000421 seconds.
  path: Assets/Resources/Prefabs
  artifactKey: Guid(c6010cc038833a942a7c8674f5a168cf) Importer(815301076,1909f56bfc062723c751e8b465ee728b)
Start importing Assets/Resources/Prefabs using Guid(c6010cc038833a942a7c8674f5a168cf) Importer(815301076,1909f56bfc062723c751e8b465ee728b)  -> (artifact id: '7e5e25a2ff2c7f4eea695d25319ae85b') in 0.001915 seconds
  Import took 0.003792 seconds .

========================================================================
Received Prepare
Registering precompiled user dll's ...
Registered in 0.001728 seconds.
Begin MonoManager ReloadAssembly
Native extension for WindowsStandalone target not found
Refreshing native plugins compatible for Editor in 0.33 ms, found 0 plugins.
Preloading 0 native plugins for Editor in 0.00 ms.
Invoked RoslynAnalysisRunner static constructor.
RoslynAnalysisRunner will not be running.
RoslynAnalysisRunner has terminated.
[ScriptCompilation] NOT recompiling all scripts because this is an import worker process. Reason to compile was: Define symbols changed
Mono: successfully reloaded assembly
- Completed reload, in  0.857 seconds
Platform modules already initialized, skipping
Refreshing native plugins compatible for Editor in 0.32 ms, found 0 plugins.
Preloading 0 native plugins for Editor in 0.00 ms.
Unloading 1398 Unused Serialized files (Serialized files now loaded: 0)
System memory in use before: 64.9 MB.
System memory in use after: 65.0 MB.

Unloading 10 unused Assets to reduce memory usage. Loaded Objects now: 1843.
Total: 2.008100 ms (FindLiveObjects: 0.231400 ms CreateObjectMapping: 0.036000 ms MarkObjects: 1.673300 ms  DeleteObjects: 0.065600 ms)

========================================================================
Received Import Request.
  Time since last request: 113.530559 seconds.
  path: Assets/Scripts/Managers
  artifactKey: Guid(001f44888d7110c4f8c5bdd1fee8b4ab) Importer(815301076,1909f56bfc062723c751e8b465ee728b)
Start importing Assets/Scripts/Managers using Guid(001f44888d7110c4f8c5bdd1fee8b4ab) Importer(815301076,1909f56bfc062723c751e8b465ee728b)  -> (artifact id: '7cf986fa73f2db2bbe791989addfc544') in 0.008111 seconds
  Import took 0.010531 seconds .

========================================================================
Received Import Request.
  Time since last request: 0.004890 seconds.
  path: Assets/Scripts/Managers
  artifactKey: Guid(001f44888d7110c4f8c5bdd1fee8b4ab) Importer(815301076,1909f56bfc062723c751e8b465ee728b)
Start importing Assets/Scripts/Managers using Guid(001f44888d7110c4f8c5bdd1fee8b4ab) Importer(815301076,1909f56bfc062723c751e8b465ee728b)  -> (artifact id: '7cf986fa73f2db2bbe791989addfc544') in 0.001575 seconds
  Import took 0.003581 seconds .

========================================================================
Received Import Request.
  Time since last request: 9.197173 seconds.
  path: Assets/Scripts/Managers/OstalNetworkManager.cs
  artifactKey: Guid(4eedd211b9c43d944b05b6244a76dec5) Importer(815301076,1909f56bfc062723c751e8b465ee728b)
Start importing Assets/Scripts/Managers/OstalNetworkManager.cs using Guid(4eedd211b9c43d944b05b6244a76dec5) Importer(815301076,1909f56bfc062723c751e8b465ee728b)  -> (artifact id: '24e395928168f81dfc032e63c10c2405') in 0.028029 seconds
  Import took 0.030822 seconds .

========================================================================
Received Import Request.
  Time since last request: 0.003999 seconds.
  path: Assets/Scripts/Managers/OstalNetworkManager.cs
  artifactKey: Guid(4eedd211b9c43d944b05b6244a76dec5) Importer(815301076,1909f56bfc062723c751e8b465ee728b)
Start importing Assets/Scripts/Managers/OstalNetworkManager.cs using Guid(4eedd211b9c43d944b05b6244a76dec5) Importer(815301076,1909f56bfc062723c751e8b465ee728b)  -> (artifact id: '24e395928168f81dfc032e63c10c2405') in 0.001964 seconds
  Import took 0.004402 seconds .

========================================================================
Received Prepare
Registering precompiled user dll's ...
Registered in 0.001979 seconds.
Begin MonoManager ReloadAssembly
Native extension for WindowsStandalone target not found
Refreshing native plugins compatible for Editor in 0.30 ms, found 0 plugins.
Preloading 0 native plugins for Editor in 0.00 ms.
Invoked RoslynAnalysisRunner static constructor.
RoslynAnalysisRunner will not be running.
RoslynAnalysisRunner has terminated.
[ScriptCompilation] NOT recompiling all scripts because this is an import worker process. Reason to compile was: Define symbols changed
Mono: successfully reloaded assembly
- Completed reload, in  0.836 seconds
Platform modules already initialized, skipping
Refreshing native plugins compatible for Editor in 0.34 ms, found 0 plugins.
Preloading 0 native plugins for Editor in 0.00 ms.
Unloading 1399 Unused Serialized files (Serialized files now loaded: 0)
System memory in use before: 65.0 MB.
System memory in use after: 65.1 MB.

Unloading 10 unused Assets to reduce memory usage. Loaded Objects now: 1846.
Total: 1.763600 ms (FindLiveObjects: 0.188700 ms CreateObjectMapping: 0.033000 ms MarkObjects: 1.484000 ms  DeleteObjects: 0.056600 ms)

========================================================================
Received Prepare
Registering precompiled user dll's ...
Registered in 0.001834 seconds.
Begin MonoManager ReloadAssembly
Native extension for WindowsStandalone target not found
Refreshing native plugins compatible for Editor in 0.33 ms, found 0 plugins.
Preloading 0 native plugins for Editor in 0.00 ms.
Invoked RoslynAnalysisRunner static constructor.
RoslynAnalysisRunner will not be running.
RoslynAnalysisRunner has terminated.
[ScriptCompilation] NOT recompiling all scripts because this is an import worker process. Reason to compile was: Define symbols changed
Mono: successfully reloaded assembly
- Completed reload, in  0.908 seconds
Platform modules already initialized, skipping
Refreshing native plugins compatible for Editor in 0.34 ms, found 0 plugins.
Preloading 0 native plugins for Editor in 0.00 ms.
Unloading 1399 Unused Serialized files (Serialized files now loaded: 0)
System memory in use before: 65.0 MB.
System memory in use after: 65.1 MB.

Unloading 10 unused Assets to reduce memory usage. Loaded Objects now: 1848.
Total: 2.793600 ms (FindLiveObjects: 0.397100 ms CreateObjectMapping: 0.062800 ms MarkObjects: 2.233000 ms  DeleteObjects: 0.099000 ms)

========================================================================
Received Import Request.
  Time since last request: 67.086626 seconds.
  path: Assets/Scripts/Managers/OstalNetworkManager.cs
  artifactKey: Guid(4eedd211b9c43d944b05b6244a76dec5) Importer(815301076,1909f56bfc062723c751e8b465ee728b)
Start importing Assets/Scripts/Managers/OstalNetworkManager.cs using Guid(4eedd211b9c43d944b05b6244a76dec5) Importer(815301076,1909f56bfc062723c751e8b465ee728b)  -> (artifact id: '58228ba5c9f15e4465f5647a9b50e6fe') in 0.004225 seconds
  Import took 0.006562 seconds .

========================================================================
Received Import Request.
  Time since last request: 0.004788 seconds.
  path: Assets/Scripts/Managers/OstalNetworkManager.cs
  artifactKey: Guid(4eedd211b9c43d944b05b6244a76dec5) Importer(815301076,1909f56bfc062723c751e8b465ee728b)
Start importing Assets/Scripts/Managers/OstalNetworkManager.cs using Guid(4eedd211b9c43d944b05b6244a76dec5) Importer(815301076,1909f56bfc062723c751e8b465ee728b)  -> (artifact id: '58228ba5c9f15e4465f5647a9b50e6fe') in 0.001623 seconds
  Import took 0.003563 seconds .

